Arguments: 
  C:\Program Files\nodejs\node.exe C:\Program Files\nodejs\node_modules\yarn\bin\yarn.js init

PATH: 
  C:\Users\patri\bin;C:\Program Files\Git\mingw64\bin;C:\Program Files\Git\usr\local\bin;C:\Program Files\Git\usr\bin;C:\Program Files\Git\usr\bin;C:\Program Files\Git\mingw64\bin;C:\Program Files\Git\usr\bin;C:\Users\patri\bin;C:\Python27;C:\Python27\Scripts;C:\Python38\Scripts;C:\Python38;C:\WINDOWS\system32;C:\WINDOWS;C:\WINDOWS\System32\Wbem;C:\WINDOWS\System32\WindowsPowerShell\v1.0;C:\WINDOWS\System32\OpenSSH;C:\Program Files\Git\cmd;C:\ProgramData\chocolatey\bin;C:\Program Files\Common Files\Avid\Eucon;C:\Program Files (x86)\Common Files\Avid\Eucon;C:\Program Files\PuTTY;C:\Program Files\Git LFS;%NVM_HOME%;%NVM_SYMLINK%;C:\Ruby26-x64\bin;C:\Users\patri\AppData\Local\Microsoft\WindowsApps;C:\Users\patri\AppData\Local\atom\bin;C:\Users\patri\AppData\Local\GitHubDesktop\bin;C:\Users\patri\AppData\Local\Microsoft\WindowsApps;C:\tools\dart-sdk\bin;C:\Users\patri\AppData\Roaming\Pub\Cache\bin;C:\Users\patri\Documents\GitHub\dart-sass\bin;C:\Users\patri\AppData\Roaming\nvm;C:\Program Files\nodejs;C:\Program Files\Git\usr\bin\vendor_perl;C:\Program Files\Git\usr\bin\core_perl

Yarn version: 
  1.22.10

Node version: 
  15.1.0

Platform: 
  win32 x64

Trace: 
  Error: Can't answer a question unless a user TTY
      at ConsoleReporter.question (C:\Users\patri\AppData\Roaming\nvm\v15.1.0\node_modules\yarn\lib\cli.js:96361:59)
      at Object.<anonymous> (C:\Users\patri\AppData\Roaming\nvm\v15.1.0\node_modules\yarn\lib\cli.js:88636:38)
      at Generator.next (<anonymous>)
      at step (C:\Users\patri\AppData\Roaming\nvm\v15.1.0\node_modules\yarn\lib\cli.js:310:30)
      at C:\Users\patri\AppData\Roaming\nvm\v15.1.0\node_modules\yarn\lib\cli.js:321:13

npm manifest: 
  No manifest

yarn manifest: 
  No manifest

Lockfile: 
  No lockfile
